#
# A fatal error has been detected by the Java Runtime Environment:
#
#  EXCEPTION_ACCESS_VIOLATION (0xc0000005) at pc=0x00007ffdd8e4b6d9, pid=37292, tid=36352
#
# JRE version: Java(TM) SE Runtime Environment (11.0.1+13) (build 11.0.1+13-LTS)
# Java VM: Java HotSpot(TM) 64-Bit Server VM (11.0.1+13-LTS, mixed mode, tiered, compressed oops, g1 gc, windows-amd64)
# Problematic frame:
# V  [jvm.dll+0x25b6d9]
#
# No core dump will be written. Minidumps are not enabled by default on client versions of Windows
#
# If you would like to submit a bug report, please visit:
#   http://bugreport.java.com/bugreport/crash.jsp
#

---------------  S U M M A R Y ------------

Command Line: -agentlib:jdwp=transport=dt_socket,suspend=y,address=localhost:64272 -javaagent:C:\Users\Vladb\Downloads\eclipse-dsl-2018-09-win32-x86_64\eclipse\configuration\org.eclipse.osgi\259\0\.cp\lib\javaagent-shaded.jar -Dfile.encoding=Cp1252 --module-path=C:\Users\Vladb\eclipse-workspace\JavaClasses\bin -Djdk.module.main=javaClasses javaClasses/com.Class1.CollectionsTheBeginning

Host: Intel(R) Core(TM) i5-8250U CPU @ 1.60GHz, 8 cores, 7G,  Windows 10 , 64 bit Build 18362 (10.0.18362.329)
Time: Sat Dec 14 01:25:04 2019 Haiti Standard Time elapsed time: 340 seconds (0d 0h 5m 40s)

---------------  T H R E A D  ---------------

Current thread (0x000001da244d4000):  VMThread "VM Thread" [stack: 0x000000b302100000,0x000000b302200000] [id=36352]

Stack: [0x000000b302100000,0x000000b302200000],  sp=0x000000b3021fedd8,  free space=1019k
Native frames: (J=compiled Java code, j=interpreted, Vv=VM code, C=native code)
V  [jvm.dll+0x25b6d9]


siginfo: EXCEPTION_ACCESS_VIOLATION (0xc0000005), reading address 0x000001da25f32320


Register to memory mapping:

RIP=0x00007ffdd8e4b6d9 jvm.dll
RAX=0x0000000000194160 is an unknown value
RBX=0x000000b3021ff060 points into unknown readable memory
RCX=0x000001da25d9e1c0 is pointing into metadata
RDX=0x000000000000ca0a is an unknown value
RSP=0x000000b3021fedd8 points into unknown readable memory
RBP=0x0000000000000001 is an unknown value
RSI=0x0000000000000001 is an unknown value
RDI=0x000001da25d9d438 is pointing into metadata
R8 =0x0 is NULL
R9 =0x000001da25d9d438 is pointing into metadata
R10=0x000001da24f4ebc0 points into unknown readable memory
R11=0x000001da24f4e170 points into unknown readable memory
R12=0x000001da24f4e120 points into unknown readable memory
R13=0x0000000000000640 is an unknown value
R14=0x000001da25d9de9c is pointing into metadata
R15=0x000000000000035a is an unknown value


Registers:
RAX=0x0000000000194160, RBX=0x000000b3021ff060, RCX=0x000001da25d9e1c0, RDX=0x000000000000ca0a
RSP=0x000000b3021fedd8, RBP=0x0000000000000001, RSI=0x0000000000000001, RDI=0x000001da25d9d438
R8 =0x0000000000000000, R9 =0x000001da25d9d438, R10=0x000001da24f4ebc0, R11=0x000001da24f4e170
R12=0x000001da24f4e120, R13=0x0000000000000640, R14=0x000001da25d9de9c, R15=0x000000000000035a
RIP=0x00007ffdd8e4b6d9, EFLAGS=0x0000000000010206

Top of Stack: (sp=0x000000b3021fedd8)
0x000000b3021fedd8:   00007ffdd8f340e3 000000b3021fee30
0x000000b3021fede8:   00007ffdd8d1a2be 000001da24f4e148
0x000000b3021fedf8:   0000000000000362 000001da00000000
0x000000b3021fee08:   00007ffdd8f386b7 00000000000000a7
0x000000b3021fee18:   00007ffdd8f37e4e 0000476cd8e88d98
0x000000b3021fee28:   00007ffdd8f37e40 000001da25d9de9c
0x000000b3021fee38:   000000b3021feec0 000000b3021ff060
0x000000b3021fee48:   00007ffdd8f36606 0000000000000000
0x000000b3021fee58:   0000000000000353 0000000000000001
0x000000b3021fee68:   00007ffdd8d146de 000000b300000353
0x000000b3021fee78:   000000b3021feef0 000000000000035a
0x000000b3021fee88:   00000000000000a7 6666666666666667
0x000000b3021fee98:   00007ffdd8f36f1e 000000b3021ff060
0x000000b3021feea8:   000000b3021feef0 000001da25d9de9c
0x000000b3021feeb8:   6666666666666667 000001da25d9e060
0x000000b3021feec8:   000001da244d4000 0000035600000353 

Instructions: (pc=0x00007ffdd8e4b6d9)
0x00007ffdd8e4b6b9:   c2 48 ff c0 48 c1 e0 05 48 8b 04 08 0f b7 c8 41
0x00007ffdd8e4b6c9:   0f b7 44 c9 42 c3 48 63 c2 48 ff c0 48 c1 e0 05
0x00007ffdd8e4b6d9:   48 8b 04 08 0f b7 d0 48 63 c2 41 0f b7 44 c1 42
0x00007ffdd8e4b6e9:   c3 49 8b 41 08 48 63 ca 0f b6 44 01 04 3c 12 74 


VM_Operation (0x000000b302aff2d0): GetOrSetLocal, mode: safepoint, requested by thread 0x000001da250fa000


---------------  P R O C E S S  ---------------

Threads class SMR info:
_java_thread_list=0x000001da25104870, length=13, elements={
0x000001da0596f000, 0x000001da244f8000, 0x000001da24501000, 0x000001da2450c800,
0x000001da2450e000, 0x000001da24e29800, 0x000001da24516800, 0x000001da24e9c000,
0x000001da2448f000, 0x000001da250fa000, 0x000001da250fb000, 0x000001da250fc000,
0x000001da25581800
}

Java Threads: ( => current thread )
  0x000001da0596f000 JavaThread "main" [_thread_blocked, id=34648, stack(0x000000b301b00000,0x000000b301c00000)]
  0x000001da244f8000 JavaThread "Reference Handler" daemon [_thread_blocked, id=35516, stack(0x000000b302200000,0x000000b302300000)]
  0x000001da24501000 JavaThread "Finalizer" daemon [_thread_blocked, id=26864, stack(0x000000b302300000,0x000000b302400000)]
  0x000001da2450c800 JavaThread "Signal Dispatcher" daemon [_thread_blocked, id=34512, stack(0x000000b302400000,0x000000b302500000)]
  0x000001da2450e000 JavaThread "Attach Listener" daemon [_thread_blocked, id=10972, stack(0x000000b302500000,0x000000b302600000)]
  0x000001da24e29800 JavaThread "C2 CompilerThread0" daemon [_thread_blocked, id=26988, stack(0x000000b302600000,0x000000b302700000)]
  0x000001da24516800 JavaThread "C1 CompilerThread0" daemon [_thread_blocked, id=8224, stack(0x000000b302700000,0x000000b302800000)]
  0x000001da24e9c000 JavaThread "Sweeper thread" daemon [_thread_blocked, id=14388, stack(0x000000b302800000,0x000000b302900000)]
  0x000001da2448f000 JavaThread "Common-Cleaner" daemon [_thread_blocked, id=13952, stack(0x000000b302900000,0x000000b302a00000)]
  0x000001da250fa000 JavaThread "JDWP Transport Listener: dt_socket" daemon [_thread_blocked, id=26580, stack(0x000000b302a00000,0x000000b302b00000)] _threads_hazard_ptr=0x000001da25104870
  0x000001da250fb000 JavaThread "JDWP Event Helper Thread" daemon [_thread_blocked, id=33412, stack(0x000000b302b00000,0x000000b302c00000)]
  0x000001da250fc000 JavaThread "JDWP Command Reader" daemon [_thread_in_native, id=20508, stack(0x000000b302c00000,0x000000b302d00000)]
  0x000001da25581800 JavaThread "Service Thread" daemon [_thread_blocked, id=3260, stack(0x000000b302d00000,0x000000b302e00000)]

Other Threads:
=>0x000001da244d4000 VMThread "VM Thread" [stack: 0x000000b302100000,0x000000b302200000] [id=36352]
  0x000001da25583000 WatcherThread [stack: 0x000000b302e00000,0x000000b302f00000] [id=24368]
  0x000001da05984800 GCTaskThread "GC Thread#0" [stack: 0x000000b301c00000,0x000000b301d00000] [id=24236]
  0x000001da059b2000 ConcurrentGCThread "G1 Main Marker" [stack: 0x000000b301d00000,0x000000b301e00000] [id=32040]
  0x000001da059b4000 ConcurrentGCThread "G1 Conc#0" [stack: 0x000000b301e00000,0x000000b301f00000] [id=31520]
  0x000001da05a3e000 ConcurrentGCThread "G1 Refine#0" [stack: 0x000000b301f00000,0x000000b302000000] [id=13596]
  0x000001da2433a800 ConcurrentGCThread "G1 Young RemSet Sampling" [stack: 0x000000b302000000,0x000000b302100000] [id=32712]

Threads with active compile tasks:

VM state:at safepoint (normal execution)

VM Mutex/Monitor currently owned by a thread:  ([mutex/lock_event])
[0x000001da0596a2d0] Threads_lock - owner thread: 0x000001da244d4000

Heap address: 0x0000000082000000, size: 2016 MB, Compressed Oops mode: 32-bit
Narrow klass base: 0x0000000000000000, Narrow klass shift: 3
Compressed class space size: 1073741824 Address: 0x0000000100000000

Heap:
 garbage-first heap   total 129024K, used 5120K [0x0000000082000000, 0x0000000100000000)
  region size 1024K, 6 young (6144K), 0 survivors (0K)
 Metaspace       used 9282K, capacity 9399K, committed 9600K, reserved 1058816K
  class space    used 829K, capacity 878K, committed 896K, reserved 1048576K
Heap Regions: E=young(eden), S=young(survivor), O=old, HS=humongous(starts), HC=humongous(continues), CS=collection set, F=free, A=archive, TAMS=top-at-mark-start (previous, next)
|   0|0x0000000082000000, 0x0000000082000000, 0x0000000082100000|  0%| F|  |TAMS 0x0000000082000000, 0x0000000082000000| Untracked 
|   1|0x0000000082100000, 0x0000000082100000, 0x0000000082200000|  0%| F|  |TAMS 0x0000000082100000, 0x0000000082100000| Untracked 
|   2|0x0000000082200000, 0x0000000082200000, 0x0000000082300000|  0%| F|  |TAMS 0x0000000082200000, 0x0000000082200000| Untracked 
|   3|0x0000000082300000, 0x0000000082300000, 0x0000000082400000|  0%| F|  |TAMS 0x0000000082300000, 0x0000000082300000| Untracked 
|   4|0x0000000082400000, 0x0000000082400000, 0x0000000082500000|  0%| F|  |TAMS 0x0000000082400000, 0x0000000082400000| Untracked 
|   5|0x0000000082500000, 0x0000000082500000, 0x0000000082600000|  0%| F|  |TAMS 0x0000000082500000, 0x0000000082500000| Untracked 
|   6|0x0000000082600000, 0x0000000082600000, 0x0000000082700000|  0%| F|  |TAMS 0x0000000082600000, 0x0000000082600000| Untracked 
|   7|0x0000000082700000, 0x0000000082700000, 0x0000000082800000|  0%| F|  |TAMS 0x0000000082700000, 0x0000000082700000| Untracked 
|   8|0x0000000082800000, 0x0000000082800000, 0x0000000082900000|  0%| F|  |TAMS 0x0000000082800000, 0x0000000082800000| Untracked 
|   9|0x0000000082900000, 0x0000000082900000, 0x0000000082a00000|  0%| F|  |TAMS 0x0000000082900000, 0x0000000082900000| Untracked 
|  10|0x0000000082a00000, 0x0000000082a00000, 0x0000000082b00000|  0%| F|  |TAMS 0x0000000082a00000, 0x0000000082a00000| Untracked 
|  11|0x0000000082b00000, 0x0000000082b00000, 0x0000000082c00000|  0%| F|  |TAMS 0x0000000082b00000, 0x0000000082b00000| Untracked 
|  12|0x0000000082c00000, 0x0000000082c00000, 0x0000000082d00000|  0%| F|  |TAMS 0x0000000082c00000, 0x0000000082c00000| Untracked 
|  13|0x0000000082d00000, 0x0000000082d00000, 0x0000000082e00000|  0%| F|  |TAMS 0x0000000082d00000, 0x0000000082d00000| Untracked 
|  14|0x0000000082e00000, 0x0000000082e00000, 0x0000000082f00000|  0%| F|  |TAMS 0x0000000082e00000, 0x0000000082e00000| Untracked 
|  15|0x0000000082f00000, 0x0000000082f00000, 0x0000000083000000|  0%| F|  |TAMS 0x0000000082f00000, 0x0000000082f00000| Untracked 
|  16|0x0000000083000000, 0x0000000083000000, 0x0000000083100000|  0%| F|  |TAMS 0x0000000083000000, 0x0000000083000000| Untracked 
|  17|0x0000000083100000, 0x0000000083100000, 0x0000000083200000|  0%| F|  |TAMS 0x0000000083100000, 0x0000000083100000| Untracked 
|  18|0x0000000083200000, 0x0000000083200000, 0x0000000083300000|  0%| F|  |TAMS 0x0000000083200000, 0x0000000083200000| Untracked 
|  19|0x0000000083300000, 0x0000000083300000, 0x0000000083400000|  0%| F|  |TAMS 0x0000000083300000, 0x0000000083300000| Untracked 
|  20|0x0000000083400000, 0x0000000083400000, 0x0000000083500000|  0%| F|  |TAMS 0x0000000083400000, 0x0000000083400000| Untracked 
|  21|0x0000000083500000, 0x0000000083500000, 0x0000000083600000|  0%| F|  |TAMS 0x0000000083500000, 0x0000000083500000| Untracked 
|  22|0x0000000083600000, 0x0000000083600000, 0x0000000083700000|  0%| F|  |TAMS 0x0000000083600000, 0x0000000083600000| Untracked 
|  23|0x0000000083700000, 0x0000000083700000, 0x0000000083800000|  0%| F|  |TAMS 0x0000000083700000, 0x0000000083700000| Untracked 
|  24|0x0000000083800000, 0x0000000083800000, 0x0000000083900000|  0%| F|  |TAMS 0x0000000083800000, 0x0000000083800000| Untracked 
|  25|0x0000000083900000, 0x0000000083900000, 0x0000000083a00000|  0%| F|  |TAMS 0x0000000083900000, 0x0000000083900000| Untracked 
|  26|0x0000000083a00000, 0x0000000083a00000, 0x0000000083b00000|  0%| F|  |TAMS 0x0000000083a00000, 0x0000000083a00000| Untracked 
|  27|0x0000000083b00000, 0x0000000083b00000, 0x0000000083c00000|  0%| F|  |TAMS 0x0000000083b00000, 0x0000000083b00000| Untracked 
|  28|0x0000000083c00000, 0x0000000083c00000, 0x0000000083d00000|  0%| F|  |TAMS 0x0000000083c00000, 0x0000000083c00000| Untracked 
|  29|0x0000000083d00000, 0x0000000083d00000, 0x0000000083e00000|  0%| F|  |TAMS 0x0000000083d00000, 0x0000000083d00000| Untracked 
|  30|0x0000000083e00000, 0x0000000083e00000, 0x0000000083f00000|  0%| F|  |TAMS 0x0000000083e00000, 0x0000000083e00000| Untracked 
|  31|0x0000000083f00000, 0x0000000083f00000, 0x0000000084000000|  0%| F|  |TAMS 0x0000000083f00000, 0x0000000083f00000| Untracked 
|  32|0x0000000084000000, 0x0000000084000000, 0x0000000084100000|  0%| F|  |TAMS 0x0000000084000000, 0x0000000084000000| Untracked 
|  33|0x0000000084100000, 0x0000000084100000, 0x0000000084200000|  0%| F|  |TAMS 0x0000000084100000, 0x0000000084100000| Untracked 
|  34|0x0000000084200000, 0x0000000084200000, 0x0000000084300000|  0%| F|  |TAMS 0x0000000084200000, 0x0000000084200000| Untracked 
|  35|0x0000000084300000, 0x0000000084300000, 0x0000000084400000|  0%| F|  |TAMS 0x0000000084300000, 0x0000000084300000| Untracked 
|  36|0x0000000084400000, 0x0000000084400000, 0x0000000084500000|  0%| F|  |TAMS 0x0000000084400000, 0x0000000084400000| Untracked 
|  37|0x0000000084500000, 0x0000000084500000, 0x0000000084600000|  0%| F|  |TAMS 0x0000000084500000, 0x0000000084500000| Untracked 
|  38|0x0000000084600000, 0x0000000084600000, 0x0000000084700000|  0%| F|  |TAMS 0x0000000084600000, 0x0000000084600000| Untracked 
|  39|0x0000000084700000, 0x0000000084700000, 0x0000000084800000|  0%| F|  |TAMS 0x0000000084700000, 0x0000000084700000| Untracked 
|  40|0x0000000084800000, 0x0000000084800000, 0x0000000084900000|  0%| F|  |TAMS 0x0000000084800000, 0x0000000084800000| Untracked 
|  41|0x0000000084900000, 0x0000000084900000, 0x0000000084a00000|  0%| F|  |TAMS 0x0000000084900000, 0x0000000084900000| Untracked 
|  42|0x0000000084a00000, 0x0000000084a00000, 0x0000000084b00000|  0%| F|  |TAMS 0x0000000084a00000, 0x0000000084a00000| Untracked 
|  43|0x0000000084b00000, 0x0000000084b00000, 0x0000000084c00000|  0%| F|  |TAMS 0x0000000084b00000, 0x0000000084b00000| Untracked 
|  44|0x0000000084c00000, 0x0000000084c00000, 0x0000000084d00000|  0%| F|  |TAMS 0x0000000084c00000, 0x0000000084c00000| Untracked 
|  45|0x0000000084d00000, 0x0000000084d00000, 0x0000000084e00000|  0%| F|  |TAMS 0x0000000084d00000, 0x0000000084d00000| Untracked 
|  46|0x0000000084e00000, 0x0000000084e00000, 0x0000000084f00000|  0%| F|  |TAMS 0x0000000084e00000, 0x0000000084e00000| Untracked 
|  47|0x0000000084f00000, 0x0000000084f00000, 0x0000000085000000|  0%| F|  |TAMS 0x0000000084f00000, 0x0000000084f00000| Untracked 
|  48|0x0000000085000000, 0x0000000085000000, 0x0000000085100000|  0%| F|  |TAMS 0x0000000085000000, 0x0000000085000000| Untracked 
|  49|0x0000000085100000, 0x0000000085100000, 0x0000000085200000|  0%| F|  |TAMS 0x0000000085100000, 0x0000000085100000| Untracked 
|  50|0x0000000085200000, 0x0000000085200000, 0x0000000085300000|  0%| F|  |TAMS 0x0000000085200000, 0x0000000085200000| Untracked 
|  51|0x0000000085300000, 0x0000000085300000, 0x0000000085400000|  0%| F|  |TAMS 0x0000000085300000, 0x0000000085300000| Untracked 
|  52|0x0000000085400000, 0x0000000085400000, 0x0000000085500000|  0%| F|  |TAMS 0x0000000085400000, 0x0000000085400000| Untracked 
|  53|0x0000000085500000, 0x0000000085500000, 0x0000000085600000|  0%| F|  |TAMS 0x0000000085500000, 0x0000000085500000| Untracked 
|  54|0x0000000085600000, 0x0000000085600000, 0x0000000085700000|  0%| F|  |TAMS 0x0000000085600000, 0x0000000085600000| Untracked 
|  55|0x0000000085700000, 0x0000000085700000, 0x0000000085800000|  0%| F|  |TAMS 0x0000000085700000, 0x0000000085700000| Untracked 
|  56|0x0000000085800000, 0x0000000085800000, 0x0000000085900000|  0%| F|  |TAMS 0x0000000085800000, 0x0000000085800000| Untracked 
|  57|0x0000000085900000, 0x0000000085900000, 0x0000000085a00000|  0%| F|  |TAMS 0x0000000085900000, 0x0000000085900000| Untracked 
|  58|0x0000000085a00000, 0x0000000085a00000, 0x0000000085b00000|  0%| F|  |TAMS 0x0000000085a00000, 0x0000000085a00000| Untracked 
|  59|0x0000000085b00000, 0x0000000085b00000, 0x0000000085c00000|  0%| F|  |TAMS 0x0000000085b00000, 0x0000000085b00000| Untracked 
|  60|0x0000000085c00000, 0x0000000085c00000, 0x0000000085d00000|  0%| F|  |TAMS 0x0000000085c00000, 0x0000000085c00000| Untracked 
|  61|0x0000000085d00000, 0x0000000085d00000, 0x0000000085e00000|  0%| F|  |TAMS 0x0000000085d00000, 0x0000000085d00000| Untracked 
|  62|0x0000000085e00000, 0x0000000085e00000, 0x0000000085f00000|  0%| F|  |TAMS 0x0000000085e00000, 0x0000000085e00000| Untracked 
|  63|0x0000000085f00000, 0x0000000085f00000, 0x0000000086000000|  0%| F|  |TAMS 0x0000000085f00000, 0x0000000085f00000| Untracked 
|  64|0x0000000086000000, 0x0000000086000000, 0x0000000086100000|  0%| F|  |TAMS 0x0000000086000000, 0x0000000086000000| Untracked 
|  65|0x0000000086100000, 0x0000000086100000, 0x0000000086200000|  0%| F|  |TAMS 0x0000000086100000, 0x0000000086100000| Untracked 
|  66|0x0000000086200000, 0x0000000086200000, 0x0000000086300000|  0%| F|  |TAMS 0x0000000086200000, 0x0000000086200000| Untracked 
|  67|0x0000000086300000, 0x0000000086300000, 0x0000000086400000|  0%| F|  |TAMS 0x0000000086300000, 0x0000000086300000| Untracked 
|  68|0x0000000086400000, 0x0000000086400000, 0x0000000086500000|  0%| F|  |TAMS 0x0000000086400000, 0x0000000086400000| Untracked 
|  69|0x0000000086500000, 0x0000000086500000, 0x0000000086600000|  0%| F|  |TAMS 0x0000000086500000, 0x0000000086500000| Untracked 
|  70|0x0000000086600000, 0x0000000086600000, 0x0000000086700000|  0%| F|  |TAMS 0x0000000086600000, 0x0000000086600000| Untracked 
|  71|0x0000000086700000, 0x0000000086700000, 0x0000000086800000|  0%| F|  |TAMS 0x0000000086700000, 0x0000000086700000| Untracked 
|  72|0x0000000086800000, 0x0000000086800000, 0x0000000086900000|  0%| F|  |TAMS 0x0000000086800000, 0x0000000086800000| Untracked 
|  73|0x0000000086900000, 0x0000000086900000, 0x0000000086a00000|  0%| F|  |TAMS 0x0000000086900000, 0x0000000086900000| Untracked 
|  74|0x0000000086a00000, 0x0000000086a00000, 0x0000000086b00000|  0%| F|  |TAMS 0x0000000086a00000, 0x0000000086a00000| Untracked 
|  75|0x0000000086b00000, 0x0000000086b00000, 0x0000000086c00000|  0%| F|  |TAMS 0x0000000086b00000, 0x0000000086b00000| Untracked 
|  76|0x0000000086c00000, 0x0000000086c00000, 0x0000000086d00000|  0%| F|  |TAMS 0x0000000086c00000, 0x0000000086c00000| Untracked 
|  77|0x0000000086d00000, 0x0000000086d00000, 0x0000000086e00000|  0%| F|  |TAMS 0x0000000086d00000, 0x0000000086d00000| Untracked 
|  78|0x0000000086e00000, 0x0000000086e00000, 0x0000000086f00000|  0%| F|  |TAMS 0x0000000086e00000, 0x0000000086e00000| Untracked 
|  79|0x0000000086f00000, 0x0000000086f00000, 0x0000000087000000|  0%| F|  |TAMS 0x0000000086f00000, 0x0000000086f00000| Untracked 
|  80|0x0000000087000000, 0x0000000087000000, 0x0000000087100000|  0%| F|  |TAMS 0x0000000087000000, 0x0000000087000000| Untracked 
|  81|0x0000000087100000, 0x0000000087100000, 0x0000000087200000|  0%| F|  |TAMS 0x0000000087100000, 0x0000000087100000| Untracked 
|  82|0x0000000087200000, 0x0000000087200000, 0x0000000087300000|  0%| F|  |TAMS 0x0000000087200000, 0x0000000087200000| Untracked 
|  83|0x0000000087300000, 0x0000000087300000, 0x0000000087400000|  0%| F|  |TAMS 0x0000000087300000, 0x0000000087300000| Untracked 
|  84|0x0000000087400000, 0x0000000087400000, 0x0000000087500000|  0%| F|  |TAMS 0x0000000087400000, 0x0000000087400000| Untracked 
|  85|0x0000000087500000, 0x0000000087500000, 0x0000000087600000|  0%| F|  |TAMS 0x0000000087500000, 0x0000000087500000| Untracked 
|  86|0x0000000087600000, 0x0000000087600000, 0x0000000087700000|  0%| F|  |TAMS 0x0000000087600000, 0x0000000087600000| Untracked 
|  87|0x0000000087700000, 0x0000000087700000, 0x0000000087800000|  0%| F|  |TAMS 0x0000000087700000, 0x0000000087700000| Untracked 
|  88|0x0000000087800000, 0x0000000087800000, 0x0000000087900000|  0%| F|  |TAMS 0x0000000087800000, 0x0000000087800000| Untracked 
|  89|0x0000000087900000, 0x0000000087900000, 0x0000000087a00000|  0%| F|  |TAMS 0x0000000087900000, 0x0000000087900000| Untracked 
|  90|0x0000000087a00000, 0x0000000087a00000, 0x0000000087b00000|  0%| F|  |TAMS 0x0000000087a00000, 0x0000000087a00000| Untracked 
|  91|0x0000000087b00000, 0x0000000087b00000, 0x0000000087c00000|  0%| F|  |TAMS 0x0000000087b00000, 0x0000000087b00000| Untracked 
|  92|0x0000000087c00000, 0x0000000087c00000, 0x0000000087d00000|  0%| F|  |TAMS 0x0000000087c00000, 0x0000000087c00000| Untracked 
|  93|0x0000000087d00000, 0x0000000087d00000, 0x0000000087e00000|  0%| F|  |TAMS 0x0000000087d00000, 0x0000000087d00000| Untracked 
|  94|0x0000000087e00000, 0x0000000087e00000, 0x0000000087f00000|  0%| F|  |TAMS 0x0000000087e00000, 0x0000000087e00000| Untracked 
|  95|0x0000000087f00000, 0x0000000087f00000, 0x0000000088000000|  0%| F|  |TAMS 0x0000000087f00000, 0x0000000087f00000| Untracked 
|  96|0x0000000088000000, 0x0000000088000000, 0x0000000088100000|  0%| F|  |TAMS 0x0000000088000000, 0x0000000088000000| Untracked 
|  97|0x0000000088100000, 0x0000000088100000, 0x0000000088200000|  0%| F|  |TAMS 0x0000000088100000, 0x0000000088100000| Untracked 
|  98|0x0000000088200000, 0x0000000088200000, 0x0000000088300000|  0%| F|  |TAMS 0x0000000088200000, 0x0000000088200000| Untracked 
|  99|0x0000000088300000, 0x0000000088300000, 0x0000000088400000|  0%| F|  |TAMS 0x0000000088300000, 0x0000000088300000| Untracked 
| 100|0x0000000088400000, 0x0000000088400000, 0x0000000088500000|  0%| F|  |TAMS 0x0000000088400000, 0x0000000088400000| Untracked 
| 101|0x0000000088500000, 0x0000000088500000, 0x0000000088600000|  0%| F|  |TAMS 0x0000000088500000, 0x0000000088500000| Untracked 
| 102|0x0000000088600000, 0x0000000088600000, 0x0000000088700000|  0%| F|  |TAMS 0x0000000088600000, 0x0000000088600000| Untracked 
| 103|0x0000000088700000, 0x0000000088700000, 0x0000000088800000|  0%| F|  |TAMS 0x0000000088700000, 0x0000000088700000| Untracked 
| 104|0x0000000088800000, 0x0000000088800000, 0x0000000088900000|  0%| F|  |TAMS 0x0000000088800000, 0x0000000088800000| Untracked 
| 105|0x0000000088900000, 0x0000000088900000, 0x0000000088a00000|  0%| F|  |TAMS 0x0000000088900000, 0x0000000088900000| Untracked 
| 106|0x0000000088a00000, 0x0000000088a00000, 0x0000000088b00000|  0%| F|  |TAMS 0x0000000088a00000, 0x0000000088a00000| Untracked 
| 107|0x0000000088b00000, 0x0000000088b00000, 0x0000000088c00000|  0%| F|  |TAMS 0x0000000088b00000, 0x0000000088b00000| Untracked 
| 108|0x0000000088c00000, 0x0000000088c00000, 0x0000000088d00000|  0%| F|  |TAMS 0x0000000088c00000, 0x0000000088c00000| Untracked 
| 109|0x0000000088d00000, 0x0000000088d00000, 0x0000000088e00000|  0%| F|  |TAMS 0x0000000088d00000, 0x0000000088d00000| Untracked 
| 110|0x0000000088e00000, 0x0000000088e00000, 0x0000000088f00000|  0%| F|  |TAMS 0x0000000088e00000, 0x0000000088e00000| Untracked 
| 111|0x0000000088f00000, 0x0000000088f00000, 0x0000000089000000|  0%| F|  |TAMS 0x0000000088f00000, 0x0000000088f00000| Untracked 
| 112|0x0000000089000000, 0x0000000089000000, 0x0000000089100000|  0%| F|  |TAMS 0x0000000089000000, 0x0000000089000000| Untracked 
| 113|0x0000000089100000, 0x0000000089100000, 0x0000000089200000|  0%| F|  |TAMS 0x0000000089100000, 0x0000000089100000| Untracked 
| 114|0x0000000089200000, 0x0000000089200000, 0x0000000089300000|  0%| F|  |TAMS 0x0000000089200000, 0x0000000089200000| Untracked 
| 115|0x0000000089300000, 0x0000000089300000, 0x0000000089400000|  0%| F|  |TAMS 0x0000000089300000, 0x0000000089300000| Untracked 
| 116|0x0000000089400000, 0x0000000089400000, 0x0000000089500000|  0%| F|  |TAMS 0x0000000089400000, 0x0000000089400000| Untracked 
| 117|0x0000000089500000, 0x0000000089500000, 0x0000000089600000|  0%| F|  |TAMS 0x0000000089500000, 0x0000000089500000| Untracked 
| 118|0x0000000089600000, 0x0000000089600000, 0x0000000089700000|  0%| F|  |TAMS 0x0000000089600000, 0x0000000089600000| Untracked 
| 119|0x0000000089700000, 0x0000000089700000, 0x0000000089800000|  0%| F|  |TAMS 0x0000000089700000, 0x0000000089700000| Untracked 
| 120|0x0000000089800000, 0x00000000898f82c0, 0x0000000089900000| 96%| E|  |TAMS 0x0000000089800000, 0x0000000089800000| Complete 
| 121|0x0000000089900000, 0x0000000089a00000, 0x0000000089a00000|100%| E|CS|TAMS 0x0000000089900000, 0x0000000089900000| Complete 
| 122|0x0000000089a00000, 0x0000000089b00000, 0x0000000089b00000|100%| E|CS|TAMS 0x0000000089a00000, 0x0000000089a00000| Complete 
| 123|0x0000000089b00000, 0x0000000089c00000, 0x0000000089c00000|100%| E|CS|TAMS 0x0000000089b00000, 0x0000000089b00000| Complete 
| 124|0x0000000089c00000, 0x0000000089d00000, 0x0000000089d00000|100%| E|CS|TAMS 0x0000000089c00000, 0x0000000089c00000| Complete 
| 125|0x0000000089d00000, 0x0000000089e00000, 0x0000000089e00000|100%| E|CS|TAMS 0x0000000089d00000, 0x0000000089d00000| Complete 

Card table byte_map: [0x000001da1d3c0000,0x000001da1d7b0000] _byte_map_base: 0x000001da1cfb0000

Marking Bits (Prev, Next): (CMBitMap*) 0x000001da059a9468, (CMBitMap*) 0x000001da059a94a0
 Prev Bits: [0x000001da1dba0000, 0x000001da1fb20000)
 Next Bits: [0x000001da1fb20000, 0x000001da21aa0000)

Polling page: 0x000001da05140000

Metaspace:

Usage:
  Non-class:      8.32 MB capacity,     8.26 MB (>99%) used,    59.80 KB ( <1%) free+waste,     7.94 KB ( <1%) overhead. 
      Class:    878.00 KB capacity,   829.35 KB ( 94%) used,    45.34 KB (  5%) free+waste,     3.31 KB ( <1%) overhead. 
       Both:      9.18 MB capacity,     9.07 MB ( 99%) used,   105.13 KB (  1%) free+waste,    11.25 KB ( <1%) overhead. 

Virtual space:
  Non-class space:       10.00 MB reserved,       8.50 MB ( 85%) committed 
      Class space:        1.00 GB reserved,     896.00 KB ( <1%) committed 
             Both:        1.01 GB reserved,       9.38 MB ( <1%) committed 

Chunk freelists:
   Non-Class:  6.88 KB
       Class:  2.25 KB
        Both:  9.13 KB

CodeHeap 'non-profiled nmethods': size=120000Kb used=114Kb max_used=114Kb free=119885Kb
 bounds [0x000001da15760000, 0x000001da159d0000, 0x000001da1cc90000]
CodeHeap 'profiled nmethods': size=120000Kb used=670Kb max_used=670Kb free=119330Kb
 bounds [0x000001da0e230000, 0x000001da0e4a0000, 0x000001da15760000]
CodeHeap 'non-nmethods': size=5760Kb used=1153Kb max_used=1166Kb free=4606Kb
 bounds [0x000001da0dc90000, 0x000001da0df00000, 0x000001da0e230000]
 total_blobs=891 nmethods=420 adapters=286
 compilation: enabled
              stopped_count=0, restarted_count=0
 full_count=0

Compilation events (10 events):
Event: 335.308 Thread 0x000001da24516800  416       3       org.eclipse.jdt.launching.internal.org.objectweb.asm.SymbolTable::addConstantUtf8Reference (101 bytes)
Event: 335.309 Thread 0x000001da24516800 nmethod 416 0x000001da0e2d4790 code [0x000001da0e2d49e0, 0x000001da0e2d50e0]
Event: 335.309 Thread 0x000001da24516800  417       3       org.eclipse.jdt.launching.internal.org.objectweb.asm.MethodWriter::visitMethodInsn (191 bytes)
Event: 335.311 Thread 0x000001da24516800 nmethod 417 0x000001da0e2d5490 code [0x000001da0e2d56e0, 0x000001da0e2d6030]
Event: 335.311 Thread 0x000001da24516800  419       3       org.eclipse.jdt.launching.internal.org.objectweb.asm.Label::resolve (219 bytes)
Event: 335.312 Thread 0x000001da24516800 nmethod 419 0x000001da0e2d6390 code [0x000001da0e2d6580, 0x000001da0e2d6b58]
Event: 335.312 Thread 0x000001da24516800  418       3       org.eclipse.jdt.launching.internal.org.objectweb.asm.SymbolTable::addConstantMethodref (24 bytes)
Event: 335.317 Thread 0x000001da24516800 nmethod 418 0x000001da0e2d6f10 code [0x000001da0e2d70e0, 0x000001da0e2d7310]
Event: 335.317 Thread 0x000001da24516800  420       3       org.eclipse.jdt.launching.internal.org.objectweb.asm.SymbolTable::addConstantClass (8 bytes)
Event: 335.317 Thread 0x000001da24516800 nmethod 420 0x000001da0e2d7410 code [0x000001da0e2d75c0, 0x000001da0e2d7770]

GC Heap History (0 events):
No events

Deoptimization events (5 events):
Event: 0.568 Thread 0x000001da0596f000 Uncommon trap: reason=class_check action=maybe_recompile pc=0x000001da1576e328 method=java.util.HashMap.putVal(ILjava/lang/Object;Ljava/lang/Object;ZZ)Ljava/lang/Object; @ 152 c2
Event: 0.607 Thread 0x000001da0596f000 Uncommon trap: reason=class_check action=maybe_recompile pc=0x000001da1576e328 method=java.util.HashMap.putVal(ILjava/lang/Object;Ljava/lang/Object;ZZ)Ljava/lang/Object; @ 152 c2
Event: 0.607 Thread 0x000001da0596f000 Uncommon trap: reason=class_check action=maybe_recompile pc=0x000001da1576e328 method=java.util.HashMap.putVal(ILjava/lang/Object;Ljava/lang/Object;ZZ)Ljava/lang/Object; @ 152 c2
Event: 0.607 Thread 0x000001da0596f000 Uncommon trap: reason=class_check action=maybe_recompile pc=0x000001da1576e328 method=java.util.HashMap.putVal(ILjava/lang/Object;Ljava/lang/Object;ZZ)Ljava/lang/Object; @ 152 c2
Event: 0.789 Thread 0x000001da0596f000 Uncommon trap: reason=unstable_if action=reinterpret pc=0x000001da15765978 method=java.lang.String.isLatin1()Z @ 10 c2

Classes redefined (3 events):
Event: 277.636 Thread 0x000001da244d4000 redefined class name=com.Class1.CollectionsTheBeginning, count=1
Event: 308.073 Thread 0x000001da244d4000 redefined class name=com.Class1.CollectionsTheBeginning, count=2
Event: 335.315 Thread 0x000001da244d4000 redefined class name=com.Class1.CollectionsTheBeginning, count=3

Internal exceptions (2 events):
Event: 0.274 Thread 0x000001da0596f000 Exception <a 'java/lang/NoSuchMethodError'{0x0000000089c2aa00}: java.lang.invoke.DirectMethodHandle$Holder.invokeSpecial(Ljava/lang/Object;Ljava/lang/Object;Ljava/lang/Object;Ljava/lang/Object;)I> (0x0000000089c2aa00) thrown at [t:/workspace/open/src/hots
Event: 0.281 Thread 0x000001da0596f000 Exception <a 'java/lang/NoSuchMethodError'{0x0000000089c331d8}: java.lang.invoke.DirectMethodHandle$Holder.invokeVirtual(Ljava/lang/Object;Ljava/lang/Object;)V> (0x0000000089c331d8) thrown at [t:/workspace/open/src/hotspot/share/interpreter/linkResolver.c

Events (10 events):
Event: 335.349 Executing VM operation: GetFrameCount done
Event: 335.349 Executing VM operation: GetStackTrace
Event: 335.349 Executing VM operation: GetStackTrace done
Event: 335.703 Executing VM operation: GetFrameCount
Event: 335.703 Executing VM operation: GetFrameCount done
Event: 335.703 Executing VM operation: GetOwnedMonitorInfo
Event: 335.703 Executing VM operation: GetOwnedMonitorInfo done
Event: 335.704 Executing VM operation: GetCurrentContendedMonitor
Event: 335.704 Executing VM operation: GetCurrentContendedMonitor done
Event: 340.674 Executing VM operation: GetOrSetLocal


Dynamic libraries:
0x00007ff636be0000 - 0x00007ff636c27000 	C:\Program Files\Java\jdk-11.0.1\bin\javaw.exe
0x00007ffe125a0000 - 0x00007ffe12790000 	C:\WINDOWS\SYSTEM32\ntdll.dll
0x00007ffe11d30000 - 0x00007ffe11de2000 	C:\WINDOWS\System32\KERNEL32.DLL
0x00007ffe0f9f0000 - 0x00007ffe0fc93000 	C:\WINDOWS\System32\KERNELBASE.dll
0x00007ffe11ab0000 - 0x00007ffe11b53000 	C:\WINDOWS\System32\ADVAPI32.dll
0x00007ffe122f0000 - 0x00007ffe1238e000 	C:\WINDOWS\System32\msvcrt.dll
0x00007ffe10f10000 - 0x00007ffe10fa7000 	C:\WINDOWS\System32\sechost.dll
0x00007ffe11010000 - 0x00007ffe11130000 	C:\WINDOWS\System32\RPCRT4.dll
0x00007ffe12390000 - 0x00007ffe12524000 	C:\WINDOWS\System32\USER32.dll
0x00007ffe0f820000 - 0x00007ffe0f841000 	C:\WINDOWS\System32\win32u.dll
0x00007ffe11a00000 - 0x00007ffe11a26000 	C:\WINDOWS\System32\GDI32.dll
0x00007ffe0f530000 - 0x00007ffe0f6c4000 	C:\WINDOWS\System32\gdi32full.dll
0x00007ffe0f950000 - 0x00007ffe0f9ee000 	C:\WINDOWS\System32\msvcp_win.dll
0x00007ffe0fca0000 - 0x00007ffe0fd9a000 	C:\WINDOWS\System32\ucrtbase.dll
0x00007ffdf0d30000 - 0x00007ffdf0fb5000 	C:\WINDOWS\WinSxS\amd64_microsoft.windows.common-controls_6595b64144ccf1df_6.0.18362.476_none_e6c4b11b130f2595\COMCTL32.dll
0x00007ffe02b50000 - 0x00007ffe02b5a000 	C:\WINDOWS\SYSTEM32\VERSION.dll
0x00007ffe11e00000 - 0x00007ffe12136000 	C:\WINDOWS\System32\combase.dll
0x00007ffe0fe00000 - 0x00007ffe0fe80000 	C:\WINDOWS\System32\bcryptPrimitives.dll
0x00007ffe12530000 - 0x00007ffe1255e000 	C:\WINDOWS\System32\IMM32.DLL
0x00007ffdffde0000 - 0x00007ffdffdf6000 	C:\Program Files\Java\jdk-11.0.1\bin\vcruntime140.dll
0x00007ffde0d20000 - 0x00007ffde0dca000 	C:\Program Files\Java\jdk-11.0.1\bin\msvcp140.dll
0x00007ffdd8bf0000 - 0x00007ffdd9732000 	C:\Program Files\Java\jdk-11.0.1\bin\server\jvm.dll
0x00007ffe10ee0000 - 0x00007ffe10ee8000 	C:\WINDOWS\System32\PSAPI.DLL
0x00007ffe0a610000 - 0x00007ffe0a619000 	C:\WINDOWS\SYSTEM32\WSOCK32.dll
0x00007ffe05fd0000 - 0x00007ffe05ff4000 	C:\WINDOWS\SYSTEM32\WINMM.dll
0x00007ffe11b60000 - 0x00007ffe11bcf000 	C:\WINDOWS\System32\WS2_32.dll
0x00007ffe05d90000 - 0x00007ffe05dbd000 	C:\WINDOWS\SYSTEM32\WINMMBASE.dll
0x00007ffe10600000 - 0x00007ffe1064a000 	C:\WINDOWS\System32\cfgmgr32.dll
0x00007ffe0f510000 - 0x00007ffe0f521000 	C:\WINDOWS\System32\kernel.appcore.dll
0x00007ffe0a5d0000 - 0x00007ffe0a5e1000 	C:\Program Files\Java\jdk-11.0.1\bin\verify.dll
0x00007ffe0dd20000 - 0x00007ffe0df14000 	C:\WINDOWS\SYSTEM32\DBGHELP.DLL
0x00007ffe08500000 - 0x00007ffe0852a000 	C:\WINDOWS\SYSTEM32\dbgcore.DLL
0x00007ffe0a5a0000 - 0x00007ffe0a5c9000 	C:\Program Files\Java\jdk-11.0.1\bin\java.dll
0x00007ffdf12f0000 - 0x00007ffdf1327000 	C:\Program Files\Java\jdk-11.0.1\bin\jdwp.dll
0x00007ffdf4670000 - 0x00007ffdf469f000 	C:\Program Files\Java\jdk-11.0.1\bin\instrument.dll
0x00007ffe02f90000 - 0x00007ffe02fa6000 	C:\Program Files\Java\jdk-11.0.1\bin\zip.dll
0x00007ffe0a590000 - 0x00007ffe0a59a000 	C:\Program Files\Java\jdk-11.0.1\bin\jimage.dll
0x00007ffe10650000 - 0x00007ffe10d35000 	C:\WINDOWS\System32\SHELL32.dll
0x00007ffe11310000 - 0x00007ffe113b9000 	C:\WINDOWS\System32\shcore.dll
0x00007ffe0fe80000 - 0x00007ffe105fe000 	C:\WINDOWS\System32\windows.storage.dll
0x00007ffe0f480000 - 0x00007ffe0f49f000 	C:\WINDOWS\System32\profapi.dll
0x00007ffe0f4a0000 - 0x00007ffe0f4ea000 	C:\WINDOWS\System32\powrprof.dll
0x00007ffe0f470000 - 0x00007ffe0f480000 	C:\WINDOWS\System32\UMPDC.dll
0x00007ffe112b0000 - 0x00007ffe11302000 	C:\WINDOWS\System32\shlwapi.dll
0x00007ffe0f900000 - 0x00007ffe0f917000 	C:\WINDOWS\System32\cryptsp.dll
0x00007ffe01f90000 - 0x00007ffe01fa9000 	C:\Program Files\Java\jdk-11.0.1\bin\net.dll
0x00007ffe06150000 - 0x00007ffe06240000 	C:\WINDOWS\SYSTEM32\WINHTTP.dll
0x00007ffe0ece0000 - 0x00007ffe0ed47000 	C:\WINDOWS\system32\mswsock.dll
0x00007ffe01f70000 - 0x00007ffe01f83000 	C:\Program Files\Java\jdk-11.0.1\bin\nio.dll
0x00007ffe0aa00000 - 0x00007ffe0aa0a000 	C:\Program Files\Java\jdk-11.0.1\bin\dt_socket.dll
0x00007ffe0ea30000 - 0x00007ffe0eafa000 	C:\WINDOWS\SYSTEM32\DNSAPI.dll
0x00007ffe11df0000 - 0x00007ffe11df8000 	C:\WINDOWS\System32\NSI.dll
0x00007ffe0e9f0000 - 0x00007ffe0ea2a000 	C:\WINDOWS\SYSTEM32\IPHLPAPI.DLL
0x00007ffe06b60000 - 0x00007ffe06bd7000 	C:\WINDOWS\System32\fwpuclnt.dll
0x00007ffe0f920000 - 0x00007ffe0f946000 	C:\WINDOWS\System32\bcrypt.dll
0x00007ffe056e0000 - 0x00007ffe056ea000 	C:\Windows\System32\rasadhlp.dll

dbghelp: loaded successfully - version: 4.0.5 - missing functions: none
symbol engine: initialized successfully - sym options: 0x614 - pdb path: .;C:\Program Files\Java\jdk-11.0.1\bin;C:\WINDOWS\SYSTEM32;C:\WINDOWS\WinSxS\amd64_microsoft.windows.common-controls_6595b64144ccf1df_6.0.18362.476_none_e6c4b11b130f2595;C:\Program Files\Java\jdk-11.0.1\bin\server

VM Arguments:
jvm_args: -agentlib:jdwp=transport=dt_socket,suspend=y,address=localhost:64272 -javaagent:C:\Users\Vladb\Downloads\eclipse-dsl-2018-09-win32-x86_64\eclipse\configuration\org.eclipse.osgi\259\0\.cp\lib\javaagent-shaded.jar -Dfile.encoding=Cp1252 --module-path=C:\Users\Vladb\eclipse-workspace\JavaClasses\bin -Djdk.module.main=javaClasses 
java_command: javaClasses/com.Class1.CollectionsTheBeginning
java_class_path (initial): <not set>
Launcher Type: SUN_STANDARD

[Global flags]
     intx CICompilerCount                          = 4                                         {product} {ergonomic}
     uint ConcGCThreads                            = 2                                         {product} {ergonomic}
     uint G1ConcRefinementThreads                  = 8                                         {product} {ergonomic}
   size_t G1HeapRegionSize                         = 1048576                                   {product} {ergonomic}
    uintx GCDrainStackTargetSize                   = 64                                        {product} {ergonomic}
   size_t InitialHeapSize                          = 132120576                                 {product} {ergonomic}
   size_t MarkStackSize                            = 4194304                                   {product} {ergonomic}
   size_t MaxHeapSize                              = 2113929216                                {product} {ergonomic}
   size_t MaxNewSize                               = 1267728384                                {product} {ergonomic}
   size_t MinHeapDeltaBytes                        = 1048576                                   {product} {ergonomic}
    uintx NonNMethodCodeHeapSize                   = 5835340                                {pd product} {ergonomic}
    uintx NonProfiledCodeHeapSize                  = 122911450                              {pd product} {ergonomic}
    uintx ProfiledCodeHeapSize                     = 122911450                              {pd product} {ergonomic}
    uintx ReservedCodeCacheSize                    = 251658240                              {pd product} {ergonomic}
     bool SegmentedCodeCache                       = true                                      {product} {ergonomic}
     bool UseCompressedClassPointers               = true                                 {lp64_product} {ergonomic}
     bool UseCompressedOops                        = true                                 {lp64_product} {ergonomic}
     bool UseG1GC                                  = true                                      {product} {ergonomic}
     bool UseLargePagesIndividualAllocation        = false                                  {pd product} {ergonomic}

Logging:
Log output configuration:
 #0: stdout all=warning uptime,level,tags
 #1: stderr all=off uptime,level,tags

Environment Variables:
JAVA_HOME=C:\Program Files\Java\jdk-11.0.1
PATH=C:/Program Files/Java/jdk-11.0.1/bin/server;C:/Program Files/Java/jdk-11.0.1/bin;C:\Program Files (x86)\Intel\Intel(R) Management Engine Components\iCLS\;C:\Program Files\Intel\Intel(R) Management Engine Components\iCLS\;C:\Windows\system32;C:\Windows;C:\Windows\System32\Wbem;C:\Windows\System32\WindowsPowerShell\v1.0\;C:\Windows\System32\OpenSSH\;C:\Program Files (x86)\Intel\Intel(R) Management Engine Components\DAL;C:\Program Files\Intel\Intel(R) Management Engine Components\DAL;C:\Program Files (x86)\Intel\Intel(R) Management Engine Components\IPT;C:\Program Files\Intel\Intel(R) Management Engine Components\IPT;C:\Program Files (x86)\NVIDIA Corporation\PhysX\Common;C:\Program Files\Java\jdk-11.0.1\bin;C:\Program Files\Git\cmd;C:\Users\Vladb\apache-maven-3.6.0\bin;C:\Program Files\SourceGear\Common\DiffMerge\;%SystemRoot%\system32;%SystemRoot%;%SystemRoot%\System32\Wbem;%SYSTEMROOT%\System32\WindowsPowerShell\v1.0\;%SYSTEMROOT%\System32\OpenSSH\;C:\Users\Vladb\AppData\Local\Microsoft\WindowsApps;;C:\Users\Vladb\Downloads\eclipse-dsl-2018-09-win32-x86_64\eclipse;
USERNAME=Vladb
OS=Windows_NT
PROCESSOR_IDENTIFIER=Intel64 Family 6 Model 142 Stepping 10, GenuineIntel



---------------  S Y S T E M  ---------------

OS: Windows 10 , 64 bit Build 18362 (10.0.18362.329)

CPU:total 8 (initial active 8) (4 cores per cpu, 2 threads per core) family 6 model 142 stepping 10, cmov, cx8, fxsr, mmx, sse, sse2, sse3, ssse3, sse4.1, sse4.2, popcnt, avx, avx2, aes, clmul, erms, 3dnowpref, lzcnt, ht, tsc, tscinvbit, bmi1, bmi2, adx, fma

Memory: 4k page, system-wide physical 8058M (960M free)
TotalPageFile size 19834M (AvailPageFile size 5327M)
current process WorkingSet (physical memory assigned to process): 44M, peak: 45M
current process commit charge ("private bytes"): 209M, peak: 210M

vm_info: Java HotSpot(TM) 64-Bit Server VM (11.0.1+13-LTS) for windows-amd64 JRE (11.0.1+13-LTS), built on Oct  6 2018 13:20:16 by "mach5one" with MS VC++ 15.5 (VS2017)

END.
